{"X:\\React-Udemy\\ProShop\\frontend\\src\\components\\Footer\\Footer.component.jsx": {"path":"X:\\React-Udemy\\ProShop\\frontend\\src\\components\\Footer\\Footer.component.jsx","statementMap":{"0":{"start":{"line":4,"column":15},"end":{"line":16,"column":1}},"1":{"start":{"line":5,"column":4},"end":{"line":15,"column":6}}},"fnMap":{"0":{"name":"(anonymous_0)","decl":{"start":{"line":4,"column":15},"end":{"line":4,"column":16}},"loc":{"start":{"line":4,"column":21},"end":{"line":16,"column":1}},"line":4}},"branchMap":{},"s":{"0":1,"1":1},"f":{"0":1},"b":{},"_coverageSchema":"1a1c01bbd47fc00a2c39e90264f33305004495a9","hash":"900b57080ce5522da035e1357ee399ff9a342a9a"}
,"X:\\React-Udemy\\ProShop\\frontend\\src\\components\\Header\\Header.component.jsx": {"path":"X:\\React-Udemy\\ProShop\\frontend\\src\\components\\Header\\Header.component.jsx","statementMap":{"0":{"start":{"line":5,"column":15},"end":{"line":33,"column":1}},"1":{"start":{"line":6,"column":4},"end":{"line":32,"column":6}}},"fnMap":{"0":{"name":"(anonymous_0)","decl":{"start":{"line":5,"column":15},"end":{"line":5,"column":16}},"loc":{"start":{"line":5,"column":21},"end":{"line":33,"column":1}},"line":5}},"branchMap":{},"s":{"0":1,"1":1},"f":{"0":1},"b":{},"_coverageSchema":"1a1c01bbd47fc00a2c39e90264f33305004495a9","hash":"e936e27aa017feda6700bdb4284d6427c7c7ab9c"}
,"X:\\React-Udemy\\ProShop\\frontend\\src\\components\\Product\\Product.component.jsx": {"path":"X:\\React-Udemy\\ProShop\\frontend\\src\\components\\Product\\Product.component.jsx","statementMap":{"0":{"start":{"line":6,"column":16},"end":{"line":30,"column":1}},"1":{"start":{"line":7,"column":4},"end":{"line":29,"column":6}}},"fnMap":{"0":{"name":"(anonymous_0)","decl":{"start":{"line":6,"column":16},"end":{"line":6,"column":17}},"loc":{"start":{"line":6,"column":33},"end":{"line":30,"column":1}},"line":6}},"branchMap":{},"s":{"0":2,"1":1},"f":{"0":1},"b":{},"_coverageSchema":"1a1c01bbd47fc00a2c39e90264f33305004495a9","hash":"0db8bf149c2e39c0a4a2f38a6bfe53780b0701a4"}
,"X:\\React-Udemy\\ProShop\\frontend\\src\\components\\Rating\\Rating.component.jsx": {"path":"X:\\React-Udemy\\ProShop\\frontend\\src\\components\\Rating\\Rating.component.jsx","statementMap":{"0":{"start":{"line":4,"column":15},"end":{"line":70,"column":1}},"1":{"start":{"line":5,"column":4},"end":{"line":69,"column":6}},"2":{"start":{"line":72,"column":0},"end":{"line":74,"column":2}},"3":{"start":{"line":76,"column":0},"end":{"line":80,"column":2}}},"fnMap":{"0":{"name":"(anonymous_0)","decl":{"start":{"line":4,"column":15},"end":{"line":4,"column":16}},"loc":{"start":{"line":4,"column":43},"end":{"line":70,"column":1}},"line":4}},"branchMap":{"0":{"loc":{"start":{"line":11,"column":24},"end":{"line":15,"column":43}},"type":"cond-expr","locations":[{"start":{"line":12,"column":30},"end":{"line":12,"column":43}},{"start":{"line":13,"column":30},"end":{"line":15,"column":43}}],"line":11},"1":{"loc":{"start":{"line":13,"column":30},"end":{"line":15,"column":43}},"type":"cond-expr","locations":[{"start":{"line":14,"column":30},"end":{"line":14,"column":52}},{"start":{"line":15,"column":30},"end":{"line":15,"column":43}}],"line":13},"2":{"loc":{"start":{"line":23,"column":24},"end":{"line":27,"column":43}},"type":"cond-expr","locations":[{"start":{"line":24,"column":30},"end":{"line":24,"column":43}},{"start":{"line":25,"column":30},"end":{"line":27,"column":43}}],"line":23},"3":{"loc":{"start":{"line":25,"column":30},"end":{"line":27,"column":43}},"type":"cond-expr","locations":[{"start":{"line":26,"column":30},"end":{"line":26,"column":52}},{"start":{"line":27,"column":30},"end":{"line":27,"column":43}}],"line":25},"4":{"loc":{"start":{"line":35,"column":24},"end":{"line":39,"column":43}},"type":"cond-expr","locations":[{"start":{"line":36,"column":30},"end":{"line":36,"column":43}},{"start":{"line":37,"column":30},"end":{"line":39,"column":43}}],"line":35},"5":{"loc":{"start":{"line":37,"column":30},"end":{"line":39,"column":43}},"type":"cond-expr","locations":[{"start":{"line":38,"column":30},"end":{"line":38,"column":52}},{"start":{"line":39,"column":30},"end":{"line":39,"column":43}}],"line":37},"6":{"loc":{"start":{"line":47,"column":24},"end":{"line":51,"column":43}},"type":"cond-expr","locations":[{"start":{"line":48,"column":30},"end":{"line":48,"column":43}},{"start":{"line":49,"column":30},"end":{"line":51,"column":43}}],"line":47},"7":{"loc":{"start":{"line":49,"column":30},"end":{"line":51,"column":43}},"type":"cond-expr","locations":[{"start":{"line":50,"column":30},"end":{"line":50,"column":52}},{"start":{"line":51,"column":30},"end":{"line":51,"column":43}}],"line":49},"8":{"loc":{"start":{"line":59,"column":24},"end":{"line":63,"column":43}},"type":"cond-expr","locations":[{"start":{"line":60,"column":30},"end":{"line":60,"column":43}},{"start":{"line":61,"column":30},"end":{"line":63,"column":43}}],"line":59},"9":{"loc":{"start":{"line":61,"column":30},"end":{"line":63,"column":43}},"type":"cond-expr","locations":[{"start":{"line":62,"column":30},"end":{"line":62,"column":52}},{"start":{"line":63,"column":30},"end":{"line":63,"column":43}}],"line":61},"10":{"loc":{"start":{"line":67,"column":19},"end":{"line":67,"column":31}},"type":"binary-expr","locations":[{"start":{"line":67,"column":19},"end":{"line":67,"column":23}},{"start":{"line":67,"column":27},"end":{"line":67,"column":31}}],"line":67}},"s":{"0":4,"1":20,"2":4,"3":4},"f":{"0":20},"b":{"0":[19,1],"1":[1,0],"2":[17,3],"3":[1,2],"4":[15,5],"5":[1,4],"6":[3,17],"7":[11,6],"8":[1,19],"9":[1,18],"10":[20,20]},"_coverageSchema":"1a1c01bbd47fc00a2c39e90264f33305004495a9","hash":"0144de76f6944a9a0699dc5b1d69789b5ba6c070"}
,"X:\\React-Udemy\\ProShop\\frontend\\src\\pages\\HomePage\\HomePage.component.jsx": {"path":"X:\\React-Udemy\\ProShop\\frontend\\src\\pages\\HomePage\\HomePage.component.jsx","statementMap":{"0":{"start":{"line":6,"column":17},"end":{"line":19,"column":1}},"1":{"start":{"line":7,"column":4},"end":{"line":18,"column":6}},"2":{"start":{"line":12,"column":20},"end":{"line":14,"column":26}}},"fnMap":{"0":{"name":"(anonymous_0)","decl":{"start":{"line":6,"column":17},"end":{"line":6,"column":18}},"loc":{"start":{"line":6,"column":23},"end":{"line":19,"column":1}},"line":6},"1":{"name":"(anonymous_1)","decl":{"start":{"line":11,"column":30},"end":{"line":11,"column":31}},"loc":{"start":{"line":12,"column":20},"end":{"line":14,"column":26}},"line":12}},"branchMap":{},"s":{"0":1,"1":1,"2":6},"f":{"0":1,"1":6},"b":{},"_coverageSchema":"1a1c01bbd47fc00a2c39e90264f33305004495a9","hash":"0e92835b03f0fd008589063f943fb782c49796f4"}
,"X:\\React-Udemy\\ProShop\\frontend\\src\\pages\\ProductPage\\ProductPage.component.jsx": {"path":"X:\\React-Udemy\\ProShop\\frontend\\src\\pages\\ProductPage\\ProductPage.component.jsx","statementMap":{"0":{"start":{"line":7,"column":20},"end":{"line":72,"column":1}},"1":{"start":{"line":8,"column":20},"end":{"line":8,"column":67}},"2":{"start":{"line":8,"column":41},"end":{"line":8,"column":66}},"3":{"start":{"line":10,"column":4},"end":{"line":71,"column":6}}},"fnMap":{"0":{"name":"(anonymous_0)","decl":{"start":{"line":7,"column":20},"end":{"line":7,"column":21}},"loc":{"start":{"line":7,"column":35},"end":{"line":72,"column":1}},"line":7},"1":{"name":"(anonymous_1)","decl":{"start":{"line":8,"column":34},"end":{"line":8,"column":35}},"loc":{"start":{"line":8,"column":41},"end":{"line":8,"column":66}},"line":8}},"branchMap":{"0":{"loc":{"start":{"line":51,"column":41},"end":{"line":53,"column":60}},"type":"cond-expr","locations":[{"start":{"line":52,"column":46},"end":{"line":52,"column":56}},{"start":{"line":53,"column":46},"end":{"line":53,"column":60}}],"line":51}},"s":{"0":1,"1":4,"2":9,"3":4},"f":{"0":4,"1":9},"b":{"0":[3,1]},"_coverageSchema":"1a1c01bbd47fc00a2c39e90264f33305004495a9","hash":"9eeb79ae8f1dc66f9dec8d172ad4bf26215d3214"}
}
