TN:
SF:src\components\Footer\Footer.component.jsx
FN:4,(anonymous_0)
FNF:1
FNH:1
FNDA:1,(anonymous_0)
DA:4,1
DA:5,1
LF:2
LH:2
BRF:0
BRH:0
end_of_record
TN:
SF:src\components\Header\Header.component.jsx
FN:5,(anonymous_0)
FNF:1
FNH:1
FNDA:1,(anonymous_0)
DA:5,1
DA:6,1
LF:2
LH:2
BRF:0
BRH:0
end_of_record
TN:
SF:src\components\Product\Product.component.jsx
FN:6,(anonymous_0)
FNF:1
FNH:1
FNDA:1,(anonymous_0)
DA:6,2
DA:7,1
LF:2
LH:2
BRF:0
BRH:0
end_of_record
TN:
SF:src\components\Rating\Rating.component.jsx
FN:4,(anonymous_0)
FNF:1
FNH:1
FNDA:20,(anonymous_0)
DA:4,4
DA:5,20
DA:72,4
DA:76,4
LF:4
LH:4
BRDA:11,0,0,19
BRDA:11,0,1,1
BRDA:13,1,0,1
BRDA:13,1,1,0
BRDA:23,2,0,17
BRDA:23,2,1,3
BRDA:25,3,0,1
BRDA:25,3,1,2
BRDA:35,4,0,15
BRDA:35,4,1,5
BRDA:37,5,0,1
BRDA:37,5,1,4
BRDA:47,6,0,3
BRDA:47,6,1,17
BRDA:49,7,0,11
BRDA:49,7,1,6
BRDA:59,8,0,1
BRDA:59,8,1,19
BRDA:61,9,0,1
BRDA:61,9,1,18
BRDA:67,10,0,20
BRDA:67,10,1,20
BRF:22
BRH:21
end_of_record
TN:
SF:src\pages\HomePage\HomePage.component.jsx
FN:6,(anonymous_0)
FN:11,(anonymous_1)
FNF:2
FNH:2
FNDA:1,(anonymous_0)
FNDA:6,(anonymous_1)
DA:6,1
DA:7,1
DA:12,6
LF:3
LH:3
BRF:0
BRH:0
end_of_record
TN:
SF:src\pages\ProductPage\ProductPage.component.jsx
FN:7,(anonymous_0)
FN:8,(anonymous_1)
FNF:2
FNH:2
FNDA:4,(anonymous_0)
FNDA:9,(anonymous_1)
DA:7,1
DA:8,9
DA:10,4
LF:3
LH:3
BRDA:51,0,0,3
BRDA:51,0,1,1
BRF:2
BRH:2
end_of_record
